#
# There is insufficient memory for the Java Runtime Environment to continue.
# Native memory allocation (malloc) failed to allocate 1048576 bytes. Error detail: AllocateHeap
# Possible reasons:
#   The system is out of physical RAM or swap space
#   This process is running with CompressedOops enabled, and the Java Heap may be blocking the growth of the native heap
# Possible solutions:
#   Reduce memory load on the system
#   Increase physical memory or swap space
#   Check if swap backing store is full
#   Decrease Java heap size (-Xmx/-Xms)
#   Decrease number of Java threads
#   Decrease Java thread stack sizes (-Xss)
#   Set larger code cache with -XX:ReservedCodeCacheSize=
#   JVM is running with Unscaled Compressed Oops mode in which the Java heap is
#     placed in the first 4GB address space. The Java Heap base address is the
#     maximum limit for the native heap growth. Please use -XX:HeapBaseMinAddress
#     to set the Java Heap base and to place the Java Heap above 4GB virtual address.
# This output file may be truncated or incomplete.
#
#  Out of Memory Error (allocation.cpp:44), pid=39512, tid=45024
#
# JRE version: OpenJDK Runtime Environment Temurin-21.0.9+10 (21.0.9+10) (build 21.0.9+10-LTS)
# Java VM: OpenJDK 64-Bit Server VM Temurin-21.0.9+10 (21.0.9+10-LTS, mixed mode, sharing, tiered, compressed oops, compressed class ptrs, parallel gc, windows-amd64)
# No core dump will be written. Minidumps are not enabled by default on client versions of Windows
#

---------------  S U M M A R Y ------------

Command Line: --add-modules=ALL-SYSTEM --add-opens=java.base/java.util=ALL-UNNAMED --add-opens=java.base/java.lang=ALL-UNNAMED --add-opens=java.base/sun.nio.fs=ALL-UNNAMED -Declipse.application=org.eclipse.jdt.ls.core.id1 -Dosgi.bundles.defaultStartLevel=4 -Declipse.product=org.eclipse.jdt.ls.core.product -Djava.import.generatesMetadataFilesAtProjectRoot=false -DDetectVMInstallationsJob.disabled=true -Dfile.encoding=utf8 -XX:+UseParallelGC -XX:GCTimeRatio=4 -XX:AdaptiveSizePolicyWeight=90 -Dsun.zip.disableMemoryMapping=true -Xmx2G -Xms100m -Xlog:disable -javaagent:c:\Users\vasu\.vscode\extensions\redhat.java-1.50.0-win32-x64\lombok\lombok-1.18.39-4050.jar -XX:+HeapDumpOnOutOfMemoryError -XX:HeapDumpPath=c:\Users\vasu\AppData\Roaming\Code\User\workspaceStorage\986949c2eb0a7993e353b81772dc4715\redhat.java -Daether.dependencyCollector.impl=bf c:\Users\vasu\.vscode\extensions\redhat.java-1.50.0-win32-x64\server\plugins\org.eclipse.equinox.launcher_1.7.100.v20251111-0406.jar -configuration c:\Users\vasu\AppData\Roaming\Code\User\globalStorage\redhat.java\1.50.0\config_win -data c:\Users\vasu\AppData\Roaming\Code\User\workspaceStorage\986949c2eb0a7993e353b81772dc4715\redhat.java\jdt_ws --pipe=\\.\pipe\lsp-c831235f4332d83822477b207f5b8866-sock

Host: 13th Gen Intel(R) Core(TM) i5-13420H, 12 cores, 15G,  Windows 11 , 64 bit Build 26100 (10.0.26100.7019)
Time: Mon Jan  5 18:58:47 2026 India Standard Time elapsed time: 117.961604 seconds (0d 0h 1m 57s)

---------------  T H R E A D  ---------------

Current thread (0x000001866f0088a0):  JavaThread "Attach Listener" daemon [_thread_in_vm, id=45024, stack(0x000000422d000000,0x000000422d100000) (1024K)]

Stack: [0x000000422d000000,0x000000422d100000]
Native frames: (J=compiled Java code, j=interpreted, Vv=VM code, C=native code)
V  [jvm.dll+0x6d6e29]
V  [jvm.dll+0x8b4b76]
V  [jvm.dll+0x8b712e]
V  [jvm.dll+0x8b7813]
V  [jvm.dll+0x283d86]
V  [jvm.dll+0xc1277]
V  [jvm.dll+0x6d76d9]
V  [jvm.dll+0x133466]
V  [jvm.dll+0x3f7ea6]
V  [jvm.dll+0x85e9ad]
V  [jvm.dll+0x6d565d]
C  [ucrtbase.dll+0x37b0]
C  [KERNEL32.DLL+0x2e8d7]
C  [ntdll.dll+0x8c53c]


---------------  P R O C E S S  ---------------

Threads class SMR info:
_java_thread_list=0x00000186729fab10, length=51, elements={
0x000001865267f3b0, 0x000001866f0054c0, 0x0000018668e7cbf0, 0x000001866f007c50,
0x000001866f0088a0, 0x000001866f00d310, 0x000001866f00dd60, 0x000001866f0100e0,
0x000001866f02a6b0, 0x000001866f250a00, 0x000001866f398e60, 0x000001866f83fba0,
0x000001866fa57a60, 0x000001866f316660, 0x000001866f316cc0, 0x000001866fae95f0,
0x000001866f46b810, 0x000001867004cd90, 0x000001866f98fd70, 0x00000186710d9480,
0x00000186710d6690, 0x00000186710d7a40, 0x00000186710d73b0, 0x00000186710d80d0,
0x00000186736641c0, 0x00000186736620f0, 0x0000018673664ee0, 0x0000018673662780,
0x0000018673661a60, 0x0000018673665c00, 0x0000018673664850, 0x0000018673665570,
0x0000018673666290, 0x0000018673662e10, 0x0000018673666920, 0x00000186736634a0,
0x0000018673666fb0, 0x0000018673667cd0, 0x0000018673667640, 0x0000018673668360,
0x0000018674913790, 0x00000186749144b0, 0x0000018674914b40, 0x0000018674915860,
0x0000018674913e20, 0x00000186749123e0, 0x00000186724648e0, 0x0000018672463530,
0x0000018672464f70, 0x0000018672465600, 0x0000018672468a80
}

Java Threads: ( => current thread )
  0x000001865267f3b0 JavaThread "main"                              [_thread_blocked, id=43668, stack(0x000000422c900000,0x000000422ca00000) (1024K)]
  0x000001866f0054c0 JavaThread "Reference Handler"          daemon [_thread_blocked, id=14272, stack(0x000000422cd00000,0x000000422ce00000) (1024K)]
  0x0000018668e7cbf0 JavaThread "Finalizer"                  daemon [_thread_blocked, id=56608, stack(0x000000422ce00000,0x000000422cf00000) (1024K)]
  0x000001866f007c50 JavaThread "Signal Dispatcher"          daemon [_thread_blocked, id=42044, stack(0x000000422cf00000,0x000000422d000000) (1024K)]
=>0x000001866f0088a0 JavaThread "Attach Listener"            daemon [_thread_in_vm, id=45024, stack(0x000000422d000000,0x000000422d100000) (1024K)]
  0x000001866f00d310 JavaThread "Service Thread"             daemon [_thread_blocked, id=38924, stack(0x000000422d100000,0x000000422d200000) (1024K)]
  0x000001866f00dd60 JavaThread "Monitor Deflation Thread"   daemon [_thread_blocked, id=52196, stack(0x000000422d200000,0x000000422d300000) (1024K)]
  0x000001866f0100e0 JavaThread "C2 CompilerThread0"         daemon [_thread_blocked, id=54964, stack(0x000000422d300000,0x000000422d400000) (1024K)]
  0x000001866f02a6b0 JavaThread "C1 CompilerThread0"         daemon [_thread_blocked, id=27708, stack(0x000000422d400000,0x000000422d500000) (1024K)]
  0x000001866f250a00 JavaThread "Common-Cleaner"             daemon [_thread_blocked, id=57752, stack(0x000000422d500000,0x000000422d600000) (1024K)]
  0x000001866f398e60 JavaThread "Notification Thread"        daemon [_thread_blocked, id=51952, stack(0x000000422d600000,0x000000422d700000) (1024K)]
  0x000001866f83fba0 JavaThread "Active Thread: Equinox Container: 07a6eed6-9a8e-4143-ad99-40abb1c23892"        [_thread_blocked, id=44320, stack(0x000000422dd00000,0x000000422de00000) (1024K)]
  0x000001866fa57a60 JavaThread "Refresh Thread: Equinox Container: 07a6eed6-9a8e-4143-ad99-40abb1c23892" daemon [_thread_blocked, id=54728, stack(0x000000422de00000,0x000000422df00000) (1024K)]
  0x000001866f316660 JavaThread "Framework Event Dispatcher: Equinox Container: 07a6eed6-9a8e-4143-ad99-40abb1c23892" daemon [_thread_blocked, id=56600, stack(0x000000422e000000,0x000000422e100000) (1024K)]
  0x000001866f316cc0 JavaThread "Start Level: Equinox Container: 07a6eed6-9a8e-4143-ad99-40abb1c23892" daemon [_thread_blocked, id=41596, stack(0x000000422e100000,0x000000422e200000) (1024K)]
  0x000001866fae95f0 JavaThread "Bundle File Closer"         daemon [_thread_blocked, id=45632, stack(0x000000422e500000,0x000000422e600000) (1024K)]
  0x000001866f46b810 JavaThread "SCR Component Actor"        daemon [_thread_blocked, id=3548, stack(0x000000422e200000,0x000000422e300000) (1024K)]
  0x000001867004cd90 JavaThread "Worker-JM"                         [_thread_blocked, id=45432, stack(0x000000422e800000,0x000000422e900000) (1024K)]
  0x000001866f98fd70 JavaThread "JNA Cleaner"                daemon [_thread_blocked, id=44132, stack(0x000000422e600000,0x000000422e700000) (1024K)]
  0x00000186710d9480 JavaThread "Worker-1"                          [_thread_blocked, id=44076, stack(0x000000422e900000,0x000000422ea00000) (1024K)]
  0x00000186710d6690 JavaThread "Java indexing"              daemon [_thread_blocked, id=41656, stack(0x000000422c600000,0x000000422c700000) (1024K)]
  0x00000186710d7a40 JavaThread "Worker-4"                          [_thread_blocked, id=40420, stack(0x000000422f000000,0x000000422f100000) (1024K)]
  0x00000186710d73b0 JavaThread "Thread-1"                   daemon [_thread_in_native, id=39760, stack(0x000000422f200000,0x000000422f300000) (1024K)]
  0x00000186710d80d0 JavaThread "Thread-2"                   daemon [_thread_in_native, id=29944, stack(0x000000422f300000,0x000000422f400000) (1024K)]
  0x00000186736641c0 JavaThread "Thread-3"                   daemon [_thread_in_native, id=56760, stack(0x000000422f400000,0x000000422f500000) (1024K)]
  0x00000186736620f0 JavaThread "Thread-4"                   daemon [_thread_in_native, id=44704, stack(0x000000422f500000,0x000000422f600000) (1024K)]
  0x0000018673664ee0 JavaThread "Thread-5"                   daemon [_thread_in_native, id=50684, stack(0x000000422f600000,0x000000422f700000) (1024K)]
  0x0000018673662780 JavaThread "Thread-6"                   daemon [_thread_in_native, id=58288, stack(0x000000422f700000,0x000000422f800000) (1024K)]
  0x0000018673661a60 JavaThread "Thread-7"                   daemon [_thread_in_native, id=58012, stack(0x000000422f800000,0x000000422f900000) (1024K)]
  0x0000018673665c00 JavaThread "Thread-8"                   daemon [_thread_in_native, id=49404, stack(0x000000422f900000,0x000000422fa00000) (1024K)]
  0x0000018673664850 JavaThread "Thread-9"                   daemon [_thread_in_native, id=48316, stack(0x000000422fa00000,0x000000422fb00000) (1024K)]
  0x0000018673665570 JavaThread "Thread-10"                  daemon [_thread_in_native, id=32512, stack(0x000000422fb00000,0x000000422fc00000) (1024K)]
  0x0000018673666290 JavaThread "Thread-11"                  daemon [_thread_in_native, id=43412, stack(0x000000422fc00000,0x000000422fd00000) (1024K)]
  0x0000018673662e10 JavaThread "Thread-12"                  daemon [_thread_in_native, id=49532, stack(0x000000422fd00000,0x000000422fe00000) (1024K)]
  0x0000018673666920 JavaThread "Thread-13"                  daemon [_thread_in_native, id=58024, stack(0x000000422fe00000,0x000000422ff00000) (1024K)]
  0x00000186736634a0 JavaThread "pool-2-thread-1"                   [_thread_blocked, id=27652, stack(0x000000422ff00000,0x0000004230000000) (1024K)]
  0x0000018673666fb0 JavaThread "WorkspaceEventsHandler"            [_thread_blocked, id=41748, stack(0x0000004230100000,0x0000004230200000) (1024K)]
  0x0000018673667cd0 JavaThread "pool-1-thread-1"                   [_thread_blocked, id=57436, stack(0x0000004230200000,0x0000004230300000) (1024K)]
  0x0000018673667640 JavaThread "LocalFile Deleter"          daemon [_thread_blocked, id=20112, stack(0x0000004230400000,0x0000004230500000) (1024K)]
  0x0000018673668360 JavaThread "LocalFile Deleter"          daemon [_thread_blocked, id=56840, stack(0x0000004230500000,0x0000004230600000) (1024K)]
  0x0000018674913790 JavaThread "LocalFile Deleter"          daemon [_thread_blocked, id=56684, stack(0x0000004230600000,0x0000004230700000) (1024K)]
  0x00000186749144b0 JavaThread "LocalFile Deleter"          daemon [_thread_blocked, id=48664, stack(0x0000004230700000,0x0000004230800000) (1024K)]
  0x0000018674914b40 JavaThread "LocalFile Deleter"          daemon [_thread_blocked, id=41480, stack(0x0000004230800000,0x0000004230900000) (1024K)]
  0x0000018674915860 JavaThread "LocalFile Deleter"          daemon [_thread_blocked, id=58036, stack(0x0000004230900000,0x0000004230a00000) (1024K)]
  0x0000018674913e20 JavaThread "LocalFile Deleter"          daemon [_thread_blocked, id=57364, stack(0x0000004230a00000,0x0000004230b00000) (1024K)]
  0x00000186749123e0 JavaThread "Timer-0"                           [_thread_blocked, id=54116, stack(0x0000004230b00000,0x0000004230c00000) (1024K)]
  0x00000186724648e0 JavaThread "ForkJoinPool.commonPool-worker-1" daemon [_thread_blocked, id=57928, stack(0x000000422eb00000,0x000000422ec00000) (1024K)]
  0x0000018672463530 JavaThread "ForkJoinPool.commonPool-worker-2" daemon [_thread_blocked, id=39828, stack(0x0000004230c00000,0x0000004230d00000) (1024K)]
  0x0000018672464f70 JavaThread "ForkJoinPool.commonPool-worker-4" daemon [_thread_blocked, id=41296, stack(0x0000004230e00000,0x0000004230f00000) (1024K)]
  0x0000018672465600 JavaThread "ForkJoinPool.commonPool-worker-5" daemon [_thread_blocked, id=55944, stack(0x0000004230f00000,0x0000004231000000) (1024K)]
  0x0000018672468a80 JavaThread "ForkJoinPool.commonPool-worker-6" daemon [_thread_blocked, id=31440, stack(0x0000004231000000,0x0000004231100000) (1024K)]
Total: 51

Other Threads:
  0x0000018668e62850 VMThread "VM Thread"                           [id=47424, stack(0x000000422cc00000,0x000000422cd00000) (1024K)]
  0x0000018668d5cb20 WatcherThread "VM Periodic Task Thread"        [id=40068, stack(0x000000422cb00000,0x000000422cc00000) (1024K)]
  0x000001865269d880 WorkerThread "GC Thread#0"                     [id=28656, stack(0x000000422ca00000,0x000000422cb00000) (1024K)]
  0x000001866f74a270 WorkerThread "GC Thread#1"                     [id=23176, stack(0x000000422d700000,0x000000422d800000) (1024K)]
  0x000001866f84d8a0 WorkerThread "GC Thread#2"                     [id=57128, stack(0x000000422d800000,0x000000422d900000) (1024K)]
  0x000001866f84dc40 WorkerThread "GC Thread#3"                     [id=58236, stack(0x000000422d900000,0x000000422da00000) (1024K)]
  0x000001866f73c5c0 WorkerThread "GC Thread#4"                     [id=28948, stack(0x000000422da00000,0x000000422db00000) (1024K)]
  0x000001866f73c960 WorkerThread "GC Thread#5"                     [id=32964, stack(0x000000422db00000,0x000000422dc00000) (1024K)]
  0x000001866f73cd00 WorkerThread "GC Thread#6"                     [id=27568, stack(0x000000422dc00000,0x000000422dd00000) (1024K)]
  0x000001866f176440 WorkerThread "GC Thread#7"                     [id=54180, stack(0x000000422df00000,0x000000422e000000) (1024K)]
  0x000001866fe0d5f0 WorkerThread "GC Thread#8"                     [id=40352, stack(0x000000422e300000,0x000000422e400000) (1024K)]
  0x000001866fe0d990 WorkerThread "GC Thread#9"                     [id=49376, stack(0x000000422e400000,0x000000422e500000) (1024K)]
Total: 12

Threads with active compile tasks:
Total: 0

VM state: not at safepoint (normal execution)

VM Mutex/Monitor currently owned by a thread: None

Heap address: 0x0000000080000000, size: 2048 MB, Compressed Oops mode: 32-bit

CDS archive(s) mapped at: [0x0000018600000000-0x0000018600ba0000-0x0000018600ba0000), size 12189696, SharedBaseAddress: 0x0000018600000000, ArchiveRelocationMode: 1.
Compressed class space mapped at: 0x0000018601000000-0x0000018641000000, reserved size: 1073741824
Narrow klass base: 0x0000018600000000, Narrow klass shift: 0, Narrow klass range: 0x100000000

GC Precious Log:
 CardTable entry size: 512
 CPUs: 12 total, 12 available
 Memory: 16087M
 Large Page Support: Disabled
 NUMA Support: Disabled
 Compressed Oops: Enabled (32-bit)
 Alignments: Space 512K, Generation 512K, Heap 2M
 Heap Min Capacity: 100M
 Heap Initial Capacity: 100M
 Heap Max Capacity: 2G
 Pre-touch: Disabled
 Parallel Workers: 10

Heap:
 PSYoungGen      total 6656K, used 578K [0x00000000d5580000, 0x00000000d5e80000, 0x0000000100000000)
  eden space 5120K, 11% used [0x00000000d5580000,0x00000000d5610a48,0x00000000d5a80000)
  from space 1536K, 0% used [0x00000000d5a80000,0x00000000d5a80000,0x00000000d5c00000)
  to   space 2048K, 0% used [0x00000000d5c80000,0x00000000d5c80000,0x00000000d5e80000)
 ParOldGen       total 425472K, used 182475K [0x0000000080000000, 0x0000000099f80000, 0x00000000d5580000)
  object space 425472K, 42% used [0x0000000080000000,0x000000008b232d38,0x0000000099f80000)
 Metaspace       used 58418K, committed 59904K, reserved 1114112K
  class space    used 6750K, committed 7424K, reserved 1048576K

Card table byte_map: [0x0000018651f30000,0x0000018652340000] _byte_map_base: 0x0000018651b30000

Marking Bits: (ParMarkBitMap*) 0x00007ff821042460
 Begin Bits: [0x0000018664880000, 0x0000018666880000)
 End Bits:   [0x0000018666880000, 0x0000018668880000)

Polling page: 0x0000018650400000

Metaspace:

Usage:
  Non-class:     50.46 MB used.
      Class:      6.59 MB used.
       Both:     57.05 MB used.

Virtual space:
  Non-class space:       64.00 MB reserved,      51.25 MB ( 80%) committed,  1 nodes.
      Class space:        1.00 GB reserved,       7.25 MB ( <1%) committed,  1 nodes.
             Both:        1.06 GB reserved,      58.50 MB (  5%) committed. 

Chunk freelists:
   Non-Class:  12.23 MB
       Class:  8.80 MB
        Both:  21.04 MB

MaxMetaspaceSize: unlimited
CompressedClassSpaceSize: 1.00 GB
Initial GC threshold: 21.00 MB
Current GC threshold: 97.31 MB
CDS: on
 - commit_granule_bytes: 65536.
 - commit_granule_words: 8192.
 - virtual_space_node_default_size: 8388608.
 - enlarge_chunks_in_place: 1.
 - use_allocation_guard: 0.


Internal statistics:

num_allocs_failed_limit: 9.
num_arena_births: 1026.
num_arena_deaths: 14.
num_vsnodes_births: 2.
num_vsnodes_deaths: 0.
num_space_committed: 936.
num_space_uncommitted: 0.
num_chunks_returned_to_freelist: 23.
num_chunks_taken_from_freelist: 3622.
num_chunk_merges: 14.
num_chunk_splits: 2287.
num_chunks_enlarged: 1376.
num_inconsistent_stats: 0.

CodeHeap 'non-profiled nmethods': size=120000Kb used=6859Kb max_used=6904Kb free=113140Kb
 bounds [0x000001865d350000, 0x000001865da20000, 0x0000018664880000]
CodeHeap 'profiled nmethods': size=120000Kb used=17118Kb max_used=17786Kb free=102881Kb
 bounds [0x0000018655880000, 0x00000186569e0000, 0x000001865cdb0000]
CodeHeap 'non-nmethods': size=5760Kb used=1402Kb max_used=1467Kb free=4357Kb
 bounds [0x000001865cdb0000, 0x000001865d020000, 0x000001865d350000]
CodeCache: size=245760Kb, used=25379Kb, max_used=26157Kb, free=220378Kb
 total_blobs=9174, nmethods=8467, adapters=613, full_count=0
Compilation: enabled, stopped_count=0, restarted_count=0

Compilation events (20 events):
Event: 41.888 Thread 0x000001866f0100e0 nmethod 9150 0x000001865da0e210 code [0x000001865da0e6c0, 0x000001865da11360]
Event: 41.888 Thread 0x000001866f0100e0 9155       4       org.eclipse.core.runtime.SubMonitor$RootInfo::checkForCancellation (21 bytes)
Event: 41.890 Thread 0x000001866f0100e0 nmethod 9155 0x000001865d3b0710 code [0x000001865d3b08c0, 0x000001865d3b0a38]
Event: 41.890 Thread 0x000001866f0100e0 9151       4       java.lang.reflect.Method::isCallerSensitive (38 bytes)
Event: 41.892 Thread 0x000001866f0100e0 nmethod 9151 0x000001865d414990 code [0x000001865d414b40, 0x000001865d414c80]
Event: 41.892 Thread 0x000001866f0100e0 9168       4       java.lang.invoke.BoundMethodHandle$SpeciesData::extendWith (64 bytes)
Event: 41.896 Thread 0x000001866f0100e0 nmethod 9168 0x000001865d496590 code [0x000001865d496780, 0x000001865d496bb8]
Event: 41.897 Thread 0x0000018674bb4340 nmethod 9172 0x000001865d3f1410 code [0x000001865d3f1660, 0x000001865d3f2b00]
Event: 65.863 Thread 0x000001866f02a6b0 9177       3       java.util.TaskQueue::isEmpty (13 bytes)
Event: 65.864 Thread 0x000001866f02a6b0 nmethod 9177 0x00000186559b5510 code [0x00000186559b56a0, 0x00000186559b5800]
Event: 66.862 Thread 0x000001866f02a6b0 9178       3       java.util.concurrent.atomic.AtomicReference::getAndSet (9 bytes)
Event: 66.863 Thread 0x000001866f02a6b0 nmethod 9178 0x0000018655afcf90 code [0x0000018655afd220, 0x0000018655afde08]
Event: 97.863 Thread 0x000001866f02a6b0 9179       3       java.util.TaskQueue::getMin (7 bytes)
Event: 97.863 Thread 0x000001866f02a6b0 nmethod 9179 0x0000018655a0ee90 code [0x0000018655a0f040, 0x0000018655a0f178]
Event: 101.525 Thread 0x000001866f02a6b0 9180       3       sun.nio.fs.NativeBuffer::free (10 bytes)
Event: 101.526 Thread 0x000001866f02a6b0 nmethod 9180 0x0000018655908a90 code [0x0000018655908c80, 0x0000018655909080]
Event: 101.526 Thread 0x000001866f02a6b0 9181       3       sun.nio.fs.NativeBuffer$Deallocator::run (11 bytes)
Event: 101.526 Thread 0x000001866f02a6b0 nmethod 9181 0x0000018655ebe210 code [0x0000018655ebe3e0, 0x0000018655ebe700]
Event: 101.868 Thread 0x000001866f02a6b0 9182       3       java.util.concurrent.ForkJoinPool::awaitWork (321 bytes)
Event: 101.869 Thread 0x000001866f02a6b0 nmethod 9182 0x0000018656029b10 code [0x0000018656029e60, 0x000001865602b298]

GC Heap History (20 events):
Event: 41.540 GC heap before
{Heap before GC invocations=381 (full 2):
 PSYoungGen      total 3072K, used 2624K [0x00000000d5580000, 0x00000000d5980000, 0x0000000100000000)
  eden space 2048K, 100% used [0x00000000d5580000,0x00000000d5780000,0x00000000d5780000)
  from space 1024K, 56% used [0x00000000d5880000,0x00000000d5910000,0x00000000d5980000)
  to   space 1024K, 0% used [0x00000000d5780000,0x00000000d5780000,0x00000000d5880000)
 ParOldGen       total 409088K, used 408644K [0x0000000080000000, 0x0000000098f80000, 0x00000000d5580000)
  object space 409088K, 99% used [0x0000000080000000,0x0000000098f11060,0x0000000098f80000)
 Metaspace       used 57890K, committed 59328K, reserved 1114112K
  class space    used 6692K, committed 7360K, reserved 1048576K
}
Event: 41.542 GC heap after
{Heap after GC invocations=381 (full 2):
 PSYoungGen      total 3072K, used 864K [0x00000000d5580000, 0x00000000d5a00000, 0x0000000100000000)
  eden space 2048K, 0% used [0x00000000d5580000,0x00000000d5580000,0x00000000d5780000)
  from space 1024K, 84% used [0x00000000d5780000,0x00000000d5858000,0x00000000d5880000)
  to   space 1024K, 0% used [0x00000000d5900000,0x00000000d5900000,0x00000000d5a00000)
 ParOldGen       total 409600K, used 409172K [0x0000000080000000, 0x0000000099000000, 0x00000000d5580000)
  object space 409600K, 99% used [0x0000000080000000,0x0000000098f95060,0x0000000099000000)
 Metaspace       used 57890K, committed 59328K, reserved 1114112K
  class space    used 6692K, committed 7360K, reserved 1048576K
}
Event: 41.548 GC heap before
{Heap before GC invocations=382 (full 2):
 PSYoungGen      total 3072K, used 2908K [0x00000000d5580000, 0x00000000d5a00000, 0x0000000100000000)
  eden space 2048K, 99% used [0x00000000d5580000,0x00000000d577f250,0x00000000d5780000)
  from space 1024K, 84% used [0x00000000d5780000,0x00000000d5858000,0x00000000d5880000)
  to   space 1024K, 0% used [0x00000000d5900000,0x00000000d5900000,0x00000000d5a00000)
 ParOldGen       total 409600K, used 409172K [0x0000000080000000, 0x0000000099000000, 0x00000000d5580000)
  object space 409600K, 99% used [0x0000000080000000,0x0000000098f95060,0x0000000099000000)
 Metaspace       used 57893K, committed 59328K, reserved 1114112K
  class space    used 6693K, committed 7360K, reserved 1048576K
}
Event: 41.550 GC heap after
{Heap after GC invocations=382 (full 2):
 PSYoungGen      total 3584K, used 864K [0x00000000d5580000, 0x00000000d5a00000, 0x0000000100000000)
  eden space 2560K, 0% used [0x00000000d5580000,0x00000000d5580000,0x00000000d5800000)
  from space 1024K, 84% used [0x00000000d5900000,0x00000000d59d8000,0x00000000d5a00000)
  to   space 1024K, 0% used [0x00000000d5800000,0x00000000d5800000,0x00000000d5900000)
 ParOldGen       total 410112K, used 409892K [0x0000000080000000, 0x0000000099080000, 0x00000000d5580000)
  object space 410112K, 99% used [0x0000000080000000,0x0000000099049060,0x0000000099080000)
 Metaspace       used 57893K, committed 59328K, reserved 1114112K
  class space    used 6693K, committed 7360K, reserved 1048576K
}
Event: 41.562 GC heap before
{Heap before GC invocations=383 (full 2):
 PSYoungGen      total 3584K, used 3424K [0x00000000d5580000, 0x00000000d5a00000, 0x0000000100000000)
  eden space 2560K, 100% used [0x00000000d5580000,0x00000000d5800000,0x00000000d5800000)
  from space 1024K, 84% used [0x00000000d5900000,0x00000000d59d8000,0x00000000d5a00000)
  to   space 1024K, 0% used [0x00000000d5800000,0x00000000d5800000,0x00000000d5900000)
 ParOldGen       total 410112K, used 409892K [0x0000000080000000, 0x0000000099080000, 0x00000000d5580000)
  object space 410112K, 99% used [0x0000000080000000,0x0000000099049060,0x0000000099080000)
 Metaspace       used 57894K, committed 59328K, reserved 1114112K
  class space    used 6693K, committed 7360K, reserved 1048576K
}
Event: 41.565 GC heap after
{Heap after GC invocations=383 (full 2):
 PSYoungGen      total 3584K, used 1009K [0x00000000d5580000, 0x00000000d6080000, 0x0000000100000000)
  eden space 2560K, 0% used [0x00000000d5580000,0x00000000d5580000,0x00000000d5800000)
  from space 1024K, 98% used [0x00000000d5800000,0x00000000d58fc440,0x00000000d5900000)
  to   space 4096K, 0% used [0x00000000d5c80000,0x00000000d5c80000,0x00000000d6080000)
 ParOldGen       total 412160K, used 412140K [0x0000000080000000, 0x0000000099280000, 0x00000000d5580000)
  object space 412160K, 99% used [0x0000000080000000,0x000000009927b060,0x0000000099280000)
 Metaspace       used 57894K, committed 59328K, reserved 1114112K
  class space    used 6693K, committed 7360K, reserved 1048576K
}
Event: 41.576 GC heap before
{Heap before GC invocations=384 (full 2):
 PSYoungGen      total 3584K, used 3569K [0x00000000d5580000, 0x00000000d6080000, 0x0000000100000000)
  eden space 2560K, 100% used [0x00000000d5580000,0x00000000d5800000,0x00000000d5800000)
  from space 1024K, 98% used [0x00000000d5800000,0x00000000d58fc440,0x00000000d5900000)
  to   space 4096K, 0% used [0x00000000d5c80000,0x00000000d5c80000,0x00000000d6080000)
 ParOldGen       total 412160K, used 412140K [0x0000000080000000, 0x0000000099280000, 0x00000000d5580000)
  object space 412160K, 99% used [0x0000000080000000,0x000000009927b060,0x0000000099280000)
 Metaspace       used 57899K, committed 59328K, reserved 1114112K
  class space    used 6693K, committed 7360K, reserved 1048576K
}
Event: 41.580 GC heap after
{Heap after GC invocations=384 (full 2):
 PSYoungGen      total 6144K, used 2656K [0x00000000d5580000, 0x00000000d5f80000, 0x0000000100000000)
  eden space 3072K, 0% used [0x00000000d5580000,0x00000000d5580000,0x00000000d5880000)
  from space 3072K, 86% used [0x00000000d5c80000,0x00000000d5f18000,0x00000000d5f80000)
  to   space 3072K, 0% used [0x00000000d5980000,0x00000000d5980000,0x00000000d5c80000)
 ParOldGen       total 413184K, used 413181K [0x0000000080000000, 0x0000000099380000, 0x00000000d5580000)
  object space 413184K, 99% used [0x0000000080000000,0x000000009937f4a0,0x0000000099380000)
 Metaspace       used 57899K, committed 59328K, reserved 1114112K
  class space    used 6693K, committed 7360K, reserved 1048576K
}
Event: 41.598 GC heap before
{Heap before GC invocations=385 (full 2):
 PSYoungGen      total 6144K, used 5728K [0x00000000d5580000, 0x00000000d5f80000, 0x0000000100000000)
  eden space 3072K, 100% used [0x00000000d5580000,0x00000000d5880000,0x00000000d5880000)
  from space 3072K, 86% used [0x00000000d5c80000,0x00000000d5f18000,0x00000000d5f80000)
  to   space 3072K, 0% used [0x00000000d5980000,0x00000000d5980000,0x00000000d5c80000)
 ParOldGen       total 413184K, used 413181K [0x0000000080000000, 0x0000000099380000, 0x00000000d5580000)
  object space 413184K, 99% used [0x0000000080000000,0x000000009937f4a0,0x0000000099380000)
 Metaspace       used 57906K, committed 59328K, reserved 1114112K
  class space    used 6693K, committed 7360K, reserved 1048576K
}
Event: 41.604 GC heap after
{Heap after GC invocations=385 (full 2):
 PSYoungGen      total 7168K, used 3064K [0x00000000d5580000, 0x00000000d6680000, 0x0000000100000000)
  eden space 4096K, 0% used [0x00000000d5580000,0x00000000d5580000,0x00000000d5980000)
  from space 3072K, 99% used [0x00000000d5980000,0x00000000d5c7e000,0x00000000d5c80000)
  to   space 6656K, 0% used [0x00000000d6000000,0x00000000d6000000,0x00000000d6680000)
 ParOldGen       total 416256K, used 415829K [0x0000000080000000, 0x0000000099680000, 0x00000000d5580000)
  object space 416256K, 99% used [0x0000000080000000,0x00000000996154a0,0x0000000099680000)
 Metaspace       used 57906K, committed 59328K, reserved 1114112K
  class space    used 6693K, committed 7360K, reserved 1048576K
}
Event: 41.624 GC heap before
{Heap before GC invocations=386 (full 2):
 PSYoungGen      total 7168K, used 7160K [0x00000000d5580000, 0x00000000d6680000, 0x0000000100000000)
  eden space 4096K, 100% used [0x00000000d5580000,0x00000000d5980000,0x00000000d5980000)
  from space 3072K, 99% used [0x00000000d5980000,0x00000000d5c7e000,0x00000000d5c80000)
  to   space 6656K, 0% used [0x00000000d6000000,0x00000000d6000000,0x00000000d6680000)
 ParOldGen       total 416256K, used 415829K [0x0000000080000000, 0x0000000099680000, 0x00000000d5580000)
  object space 416256K, 99% used [0x0000000080000000,0x00000000996154a0,0x0000000099680000)
 Metaspace       used 57906K, committed 59328K, reserved 1114112K
  class space    used 6693K, committed 7360K, reserved 1048576K
}
Event: 41.628 GC heap after
{Heap after GC invocations=386 (full 2):
 PSYoungGen      total 9216K, used 3982K [0x00000000d5580000, 0x00000000d6400000, 0x0000000100000000)
  eden space 5120K, 0% used [0x00000000d5580000,0x00000000d5580000,0x00000000d5a80000)
  from space 4096K, 97% used [0x00000000d6000000,0x00000000d63e3bb0,0x00000000d6400000)
  to   space 4608K, 0% used [0x00000000d5b00000,0x00000000d5b00000,0x00000000d5f80000)
 ParOldGen       total 417280K, used 416892K [0x0000000080000000, 0x0000000099780000, 0x00000000d5580000)
  object space 417280K, 99% used [0x0000000080000000,0x000000009971f1e0,0x0000000099780000)
 Metaspace       used 57906K, committed 59328K, reserved 1114112K
  class space    used 6693K, committed 7360K, reserved 1048576K
}
Event: 41.683 GC heap before
{Heap before GC invocations=387 (full 2):
 PSYoungGen      total 9216K, used 9102K [0x00000000d5580000, 0x00000000d6400000, 0x0000000100000000)
  eden space 5120K, 99% used [0x00000000d5580000,0x00000000d5a7ffe8,0x00000000d5a80000)
  from space 4096K, 97% used [0x00000000d6000000,0x00000000d63e3bb0,0x00000000d6400000)
  to   space 4608K, 0% used [0x00000000d5b00000,0x00000000d5b00000,0x00000000d5f80000)
 ParOldGen       total 417280K, used 416892K [0x0000000080000000, 0x0000000099780000, 0x00000000d5580000)
  object space 417280K, 99% used [0x0000000080000000,0x000000009971f1e0,0x0000000099780000)
 Metaspace       used 57963K, committed 59328K, reserved 1114112K
  class space    used 6701K, committed 7360K, reserved 1048576K
}
Event: 41.689 GC heap after
{Heap after GC invocations=387 (full 2):
 PSYoungGen      total 7680K, used 2223K [0x00000000d5580000, 0x00000000d6080000, 0x0000000100000000)
  eden space 5120K, 0% used [0x00000000d5580000,0x00000000d5580000,0x00000000d5a80000)
  from space 2560K, 86% used [0x00000000d5b00000,0x00000000d5d2bf20,0x00000000d5d80000)
  to   space 3072K, 0% used [0x00000000d5d80000,0x00000000d5d80000,0x00000000d6080000)
 ParOldGen       total 420864K, used 420493K [0x0000000080000000, 0x0000000099b00000, 0x00000000d5580000)
  object space 420864K, 99% used [0x0000000080000000,0x0000000099aa35b0,0x0000000099b00000)
 Metaspace       used 57963K, committed 59328K, reserved 1114112K
  class space    used 6701K, committed 7360K, reserved 1048576K
}
Event: 41.726 GC heap before
{Heap before GC invocations=388 (full 2):
 PSYoungGen      total 7680K, used 7343K [0x00000000d5580000, 0x00000000d6080000, 0x0000000100000000)
  eden space 5120K, 100% used [0x00000000d5580000,0x00000000d5a80000,0x00000000d5a80000)
  from space 2560K, 86% used [0x00000000d5b00000,0x00000000d5d2bf20,0x00000000d5d80000)
  to   space 3072K, 0% used [0x00000000d5d80000,0x00000000d5d80000,0x00000000d6080000)
 ParOldGen       total 420864K, used 420493K [0x0000000080000000, 0x0000000099b00000, 0x00000000d5580000)
  object space 420864K, 99% used [0x0000000080000000,0x0000000099aa35b0,0x0000000099b00000)
 Metaspace       used 58286K, committed 59712K, reserved 1114112K
  class space    used 6738K, committed 7424K, reserved 1048576K
}
Event: 41.730 GC heap after
{Heap after GC invocations=388 (full 2):
 PSYoungGen      total 8192K, used 2753K [0x00000000d5580000, 0x00000000d6080000, 0x0000000100000000)
  eden space 5120K, 0% used [0x00000000d5580000,0x00000000d5580000,0x00000000d5a80000)
  from space 3072K, 89% used [0x00000000d5d80000,0x00000000d6030620,0x00000000d6080000)
  to   space 3072K, 0% used [0x00000000d5a80000,0x00000000d5a80000,0x00000000d5d80000)
 ParOldGen       total 422912K, used 422566K [0x0000000080000000, 0x0000000099d00000, 0x00000000d5580000)
  object space 422912K, 99% used [0x0000000080000000,0x0000000099ca9950,0x0000000099d00000)
 Metaspace       used 58286K, committed 59712K, reserved 1114112K
  class space    used 6738K, committed 7424K, reserved 1048576K
}
Event: 41.745 GC heap before
{Heap before GC invocations=389 (full 2):
 PSYoungGen      total 8192K, used 4950K [0x00000000d5580000, 0x00000000d6080000, 0x0000000100000000)
  eden space 5120K, 42% used [0x00000000d5580000,0x00000000d57a5248,0x00000000d5a80000)
  from space 3072K, 89% used [0x00000000d5d80000,0x00000000d6030620,0x00000000d6080000)
  to   space 3072K, 0% used [0x00000000d5a80000,0x00000000d5a80000,0x00000000d5d80000)
 ParOldGen       total 422912K, used 422566K [0x0000000080000000, 0x0000000099d00000, 0x00000000d5580000)
  object space 422912K, 99% used [0x0000000080000000,0x0000000099ca9950,0x0000000099d00000)
 Metaspace       used 58405K, committed 59776K, reserved 1114112K
  class space    used 6750K, committed 7424K, reserved 1048576K
}
Event: 41.748 GC heap after
{Heap after GC invocations=389 (full 2):
 PSYoungGen      total 6656K, used 1184K [0x00000000d5580000, 0x00000000d5e80000, 0x0000000100000000)
  eden space 5120K, 0% used [0x00000000d5580000,0x00000000d5580000,0x00000000d5a80000)
  from space 1536K, 77% used [0x00000000d5a80000,0x00000000d5ba8020,0x00000000d5c00000)
  to   space 2048K, 0% used [0x00000000d5c80000,0x00000000d5c80000,0x00000000d5e80000)
 ParOldGen       total 425472K, used 425267K [0x0000000080000000, 0x0000000099f80000, 0x00000000d5580000)
  object space 425472K, 99% used [0x0000000080000000,0x0000000099f4cde8,0x0000000099f80000)
 Metaspace       used 58405K, committed 59776K, reserved 1114112K
  class space    used 6750K, committed 7424K, reserved 1048576K
}
Event: 41.748 GC heap before
{Heap before GC invocations=390 (full 3):
 PSYoungGen      total 6656K, used 1184K [0x00000000d5580000, 0x00000000d5e80000, 0x0000000100000000)
  eden space 5120K, 0% used [0x00000000d5580000,0x00000000d5580000,0x00000000d5a80000)
  from space 1536K, 77% used [0x00000000d5a80000,0x00000000d5ba8020,0x00000000d5c00000)
  to   space 2048K, 0% used [0x00000000d5c80000,0x00000000d5c80000,0x00000000d5e80000)
 ParOldGen       total 425472K, used 425267K [0x0000000080000000, 0x0000000099f80000, 0x00000000d5580000)
  object space 425472K, 99% used [0x0000000080000000,0x0000000099f4cde8,0x0000000099f80000)
 Metaspace       used 58405K, committed 59776K, reserved 1114112K
  class space    used 6750K, committed 7424K, reserved 1048576K
}
Event: 41.848 GC heap after
{Heap after GC invocations=390 (full 3):
 PSYoungGen      total 6656K, used 0K [0x00000000d5580000, 0x00000000d5e80000, 0x0000000100000000)
  eden space 5120K, 0% used [0x00000000d5580000,0x00000000d5580000,0x00000000d5a80000)
  from space 1536K, 0% used [0x00000000d5a80000,0x00000000d5a80000,0x00000000d5c00000)
  to   space 2048K, 0% used [0x00000000d5c80000,0x00000000d5c80000,0x00000000d5e80000)
 ParOldGen       total 425472K, used 182475K [0x0000000080000000, 0x0000000099f80000, 0x00000000d5580000)
  object space 425472K, 42% used [0x0000000080000000,0x000000008b232d38,0x0000000099f80000)
 Metaspace       used 58405K, committed 59776K, reserved 1114112K
  class space    used 6750K, committed 7424K, reserved 1048576K
}

Dll operation events (13 events):
Event: 0.013 Loaded shared library c:\Users\vasu\.vscode\extensions\redhat.java-1.50.0-win32-x64\jre\21.0.9-win32-x86_64\bin\java.dll
Event: 0.093 Loaded shared library c:\Users\vasu\.vscode\extensions\redhat.java-1.50.0-win32-x64\jre\21.0.9-win32-x86_64\bin\zip.dll
Event: 0.117 Loaded shared library C:\Users\vasu\.vscode\extensions\redhat.java-1.50.0-win32-x64\jre\21.0.9-win32-x86_64\bin\instrument.dll
Event: 0.123 Loaded shared library C:\Users\vasu\.vscode\extensions\redhat.java-1.50.0-win32-x64\jre\21.0.9-win32-x86_64\bin\net.dll
Event: 0.126 Loaded shared library C:\Users\vasu\.vscode\extensions\redhat.java-1.50.0-win32-x64\jre\21.0.9-win32-x86_64\bin\nio.dll
Event: 0.131 Loaded shared library C:\Users\vasu\.vscode\extensions\redhat.java-1.50.0-win32-x64\jre\21.0.9-win32-x86_64\bin\zip.dll
Event: 0.152 Loaded shared library C:\Users\vasu\.vscode\extensions\redhat.java-1.50.0-win32-x64\jre\21.0.9-win32-x86_64\bin\jimage.dll
Event: 0.240 Loaded shared library c:\Users\vasu\.vscode\extensions\redhat.java-1.50.0-win32-x64\jre\21.0.9-win32-x86_64\bin\verify.dll
Event: 16.645 Loaded shared library C:\Users\vasu\AppData\Roaming\Code\User\globalStorage\redhat.java\1.50.0\config_win\org.eclipse.equinox.launcher\org.eclipse.equinox.launcher.win32.win32.x86_64_1.2.1400.v20250801-0854\eclipse_11916.dll
Event: 28.591 Loaded shared library C:\Users\vasu\AppData\Local\Temp\jna-3612237\jna3786655594529404022.dll
Event: 35.394 Loaded shared library C:\Users\vasu\.gradle\native\1def1411415f61bf3af743bc5b6707747c0891f09f0c88961ee8f79bc544acac\windows-amd64\native-platform.dll
Event: 37.277 Loaded shared library C:\Users\vasu\.vscode\extensions\redhat.java-1.50.0-win32-x64\jre\21.0.9-win32-x86_64\bin\management.dll
Event: 37.282 Loaded shared library C:\Users\vasu\.vscode\extensions\redhat.java-1.50.0-win32-x64\jre\21.0.9-win32-x86_64\bin\management_ext.dll

Deoptimization events (20 events):
Event: 41.731 Thread 0x00000186724648e0 DEOPT PACKING pc=0x000001865d7594cc sp=0x000000422ebfdc60
Event: 41.731 Thread 0x00000186724648e0 DEOPT UNPACKING pc=0x000001865ce03aa2 sp=0x000000422ebfdbe8 mode 2
Event: 41.736 Thread 0x0000018672468a80 DEOPT PACKING pc=0x0000018656435da0 sp=0x00000042310fe680
Event: 41.736 Thread 0x0000018672468a80 DEOPT UNPACKING pc=0x000001865ce04242 sp=0x00000042310fdb88 mode 3
Event: 41.736 Thread 0x0000018672468a80 Uncommon trap: trap_request=0xffffff45 fr.pc=0x000001865d803fd4 relative=0x0000000000000bd4
Event: 41.736 Thread 0x0000018672468a80 Uncommon trap: reason=unstable_if action=reinterpret pc=0x000001865d803fd4 method=java.util.concurrent.ConcurrentHashMap.putVal(Ljava/lang/Object;Ljava/lang/Object;Z)Ljava/lang/Object; @ 245 c2
Event: 41.736 Thread 0x0000018672468a80 DEOPT PACKING pc=0x000001865d803fd4 sp=0x00000042310fe880
Event: 41.736 Thread 0x0000018672468a80 DEOPT UNPACKING pc=0x000001865ce03aa2 sp=0x00000042310fe818 mode 2
Event: 41.738 Thread 0x0000018672463530 Uncommon trap: trap_request=0xffffff45 fr.pc=0x000001865da065dc relative=0x00000000000005bc
Event: 41.738 Thread 0x0000018672463530 Uncommon trap: reason=unstable_if action=reinterpret pc=0x000001865da065dc method=org.eclipse.jdt.internal.core.index.DiskIndex.addQueryResult(Lorg/eclipse/jdt/internal/compiler/util/HashtableOfObject;[CLjava/lang/Object;Lorg/eclipse/jdt/internal/core/ind
Event: 41.738 Thread 0x0000018672463530 DEOPT PACKING pc=0x000001865da065dc sp=0x0000004230cfe6d0
Event: 41.738 Thread 0x0000018672463530 DEOPT UNPACKING pc=0x000001865ce03aa2 sp=0x0000004230cfe620 mode 2
Event: 41.851 Thread 0x00000186724669b0 Uncommon trap: trap_request=0xffffff45 fr.pc=0x000001865d949fd0 relative=0x0000000000000310
Event: 41.851 Thread 0x00000186724669b0 Uncommon trap: reason=unstable_if action=reinterpret pc=0x000001865d949fd0 method=org.eclipse.core.internal.watson.ElementTree.getElementData(Lorg/eclipse/core/runtime/IPath;)Ljava/lang/Object; @ 21 c2
Event: 41.851 Thread 0x00000186724669b0 DEOPT PACKING pc=0x000001865d949fd0 sp=0x0000004230dfe830
Event: 41.851 Thread 0x00000186724669b0 DEOPT UNPACKING pc=0x000001865ce03aa2 sp=0x0000004230dfe7e0 mode 2
Event: 41.852 Thread 0x00000186724648e0 Uncommon trap: trap_request=0xffffff45 fr.pc=0x000001865d8c270c relative=0x000000000000024c
Event: 41.852 Thread 0x00000186724648e0 Uncommon trap: reason=unstable_if action=reinterpret pc=0x000001865d8c270c method=org.eclipse.jdt.internal.core.util.Util.indexOfJavaLikeExtension(Ljava/lang/String;)I @ 60 c2
Event: 41.852 Thread 0x00000186724648e0 DEOPT PACKING pc=0x000001865d8c270c sp=0x000000422ebfe450
Event: 41.852 Thread 0x00000186724648e0 DEOPT UNPACKING pc=0x000001865ce03aa2 sp=0x000000422ebfe3b0 mode 2

Classes loaded (20 events):
Event: 39.689 Loading class java/util/stream/DistinctOps$1$2
Event: 39.689 Loading class java/util/stream/DistinctOps$1$2 done
Event: 41.506 Loading class sun/nio/fs/WindowsFileCopy
Event: 41.507 Loading class sun/nio/fs/WindowsFileCopy done
Event: 41.680 Loading class java/util/concurrent/CompletableFuture$UniApply
Event: 41.681 Loading class java/util/concurrent/CompletableFuture$UniCompletion
Event: 41.681 Loading class java/util/concurrent/CompletableFuture$UniCompletion done
Event: 41.681 Loading class java/util/concurrent/CompletableFuture$UniApply done
Event: 41.682 Loading class java/util/concurrent/CompletableFuture$UniAccept
Event: 41.682 Loading class java/util/concurrent/CompletableFuture$UniAccept done
Event: 41.682 Loading class java/util/concurrent/CompletableFuture$UniExceptionally
Event: 41.682 Loading class java/util/concurrent/CompletableFuture$UniExceptionally done
Event: 41.719 Loading class java/util/regex/PatternSyntaxException
Event: 41.720 Loading class java/util/regex/PatternSyntaxException done
Event: 41.740 Loading class java/util/AbstractList$RandomAccessSubList
Event: 41.741 Loading class java/util/AbstractList$SubList
Event: 41.741 Loading class java/util/AbstractList$SubList done
Event: 41.741 Loading class java/util/AbstractList$RandomAccessSubList done
Event: 41.741 Loading class java/util/AbstractList$SubList$1
Event: 41.741 Loading class java/util/AbstractList$SubList$1 done

Classes unloaded (7 events):
Event: 29.413 Thread 0x0000018668e62850 Unloading class 0x00000186011aa000 'java/lang/invoke/LambdaForm$MH+0x00000186011aa000'
Event: 29.413 Thread 0x0000018668e62850 Unloading class 0x00000186011a9c00 'java/lang/invoke/LambdaForm$MH+0x00000186011a9c00'
Event: 29.413 Thread 0x0000018668e62850 Unloading class 0x00000186011a9800 'java/lang/invoke/LambdaForm$MH+0x00000186011a9800'
Event: 29.413 Thread 0x0000018668e62850 Unloading class 0x00000186011a9400 'java/lang/invoke/LambdaForm$MH+0x00000186011a9400'
Event: 29.413 Thread 0x0000018668e62850 Unloading class 0x00000186011a9000 'java/lang/invoke/LambdaForm$BMH+0x00000186011a9000'
Event: 29.413 Thread 0x0000018668e62850 Unloading class 0x00000186011a8c00 'java/lang/invoke/LambdaForm$DMH+0x00000186011a8c00'
Event: 29.413 Thread 0x0000018668e62850 Unloading class 0x00000186011a3800 'java/lang/invoke/LambdaForm$DMH+0x00000186011a3800'

Classes redefined (0 events):
No events

Internal exceptions (20 events):
Event: 39.653 Thread 0x00000186710d8760 Exception <a 'sun/nio/fs/WindowsException'{0x00000000d5934438}> (0x00000000d5934438) 
thrown [s\src\hotspot\share\prims\jni.cpp, line 520]
Event: 39.653 Thread 0x00000186710d8760 Exception <a 'sun/nio/fs/WindowsException'{0x00000000d5934d90}> (0x00000000d5934d90) 
thrown [s\src\hotspot\share\prims\jni.cpp, line 520]
Event: 39.653 Thread 0x00000186710d8760 Exception <a 'sun/nio/fs/WindowsException'{0x00000000d5935ad0}> (0x00000000d5935ad0) 
thrown [s\src\hotspot\share\prims\jni.cpp, line 520]
Event: 39.653 Thread 0x00000186710d8760 Exception <a 'sun/nio/fs/WindowsException'{0x00000000d594c5a8}> (0x00000000d594c5a8) 
thrown [s\src\hotspot\share\prims\jni.cpp, line 520]
Event: 39.675 Thread 0x00000186710d8760 Exception <a 'java/io/FileNotFoundException'{0x00000000d564b5b0}> (0x00000000d564b5b0) 
thrown [s\src\hotspot\share\prims\jni.cpp, line 520]
Event: 39.675 Thread 0x00000186710d8760 Exception <a 'java/io/FileNotFoundException'{0x00000000d564c320}> (0x00000000d564c320) 
thrown [s\src\hotspot\share\prims\jni.cpp, line 520]
Event: 39.682 Thread 0x00000186710d8760 Exception <a 'sun/nio/fs/WindowsException'{0x00000000d56e9e10}> (0x00000000d56e9e10) 
thrown [s\src\hotspot\share\prims\jni.cpp, line 520]
Event: 39.682 Thread 0x00000186710d8760 Exception <a 'sun/nio/fs/WindowsException'{0x00000000d56ea528}> (0x00000000d56ea528) 
thrown [s\src\hotspot\share\prims\jni.cpp, line 520]
Event: 39.765 Thread 0x0000018673667cd0 Exception <a 'java/lang/IncompatibleClassChangeError'{0x00000000d599fba8}: Found class java.lang.Object, but interface was expected> (0x00000000d599fba8) 
thrown [s\src\hotspot\share\interpreter\linkResolver.cpp, line 840]
Event: 41.507 Thread 0x00000186710d6690 Exception <a 'sun/nio/fs/WindowsException'{0x00000000d566f378}> (0x00000000d566f378) 
thrown [s\src\hotspot\share\prims\jni.cpp, line 520]
Event: 41.680 Thread 0x00000186710d6000 Exception <a 'java/io/FileNotFoundException'{0x00000000d59d60e8}> (0x00000000d59d60e8) 
thrown [s\src\hotspot\share\prims\jni.cpp, line 520]
Event: 41.680 Thread 0x00000186710d6000 Exception <a 'java/io/FileNotFoundException'{0x00000000d59d7078}> (0x00000000d59d7078) 
thrown [s\src\hotspot\share\prims\jni.cpp, line 520]
Event: 41.723 Thread 0x00000186724669b0 Exception <a 'java/lang/NoSuchMethodError'{0x00000000d59b5608}: 'java.lang.Object java.lang.invoke.DirectMethodHandle$Holder.invokeStaticInit(java.lang.Object, java.lang.Object, java.lang.Object)'> (0x00000000d59b5608) 
thrown [s\src\hotspot\share\interpreter\linkResolver.cpp, line 773]
Event: 41.724 Thread 0x0000018672468a80 Exception <a 'sun/nio/fs/WindowsException'{0x00000000d59f1b50}> (0x00000000d59f1b50) 
thrown [s\src\hotspot\share\prims\jni.cpp, line 520]
Event: 41.724 Thread 0x0000018672468a80 Exception <a 'sun/nio/fs/WindowsException'{0x00000000d59f2518}> (0x00000000d59f2518) 
thrown [s\src\hotspot\share\prims\jni.cpp, line 520]
Event: 41.724 Thread 0x0000018672468a80 Exception <a 'sun/nio/fs/WindowsException'{0x00000000d59f3508}> (0x00000000d59f3508) 
thrown [s\src\hotspot\share\prims\jni.cpp, line 520]
Event: 41.724 Thread 0x0000018672468a80 Exception <a 'sun/nio/fs/WindowsException'{0x00000000d59f3ed0}> (0x00000000d59f3ed0) 
thrown [s\src\hotspot\share\prims\jni.cpp, line 520]
Event: 41.725 Thread 0x0000018672468a80 Exception <a 'sun/nio/fs/WindowsException'{0x00000000d59f5868}> (0x00000000d59f5868) 
thrown [s\src\hotspot\share\prims\jni.cpp, line 520]
Event: 41.725 Thread 0x0000018672468a80 Exception <a 'sun/nio/fs/WindowsException'{0x00000000d59f6230}> (0x00000000d59f6230) 
thrown [s\src\hotspot\share\prims\jni.cpp, line 520]
Event: 41.851 Thread 0x00000186724669b0 Implicit null exception at 0x000001865d949dad to 0x000001865d949fb0

ZGC Phase Switch (0 events):
No events

VM Operations (20 events):
Event: 41.576 Executing VM operation: ParallelGCFailedAllocation (Allocation Failure)
Event: 41.580 Executing VM operation: ParallelGCFailedAllocation (Allocation Failure) done
Event: 41.598 Executing VM operation: ParallelGCFailedAllocation (Allocation Failure)
Event: 41.604 Executing VM operation: ParallelGCFailedAllocation (Allocation Failure) done
Event: 41.624 Executing VM operation: ParallelGCFailedAllocation (Allocation Failure)
Event: 41.628 Executing VM operation: ParallelGCFailedAllocation (Allocation Failure) done
Event: 41.683 Executing VM operation: ParallelGCFailedAllocation (Allocation Failure)
Event: 41.689 Executing VM operation: ParallelGCFailedAllocation (Allocation Failure) done
Event: 41.726 Executing VM operation: ParallelGCFailedAllocation (Allocation Failure)
Event: 41.730 Executing VM operation: ParallelGCFailedAllocation (Allocation Failure) done
Event: 41.735 Executing VM operation: HandshakeAllThreads (Deoptimize)
Event: 41.736 Executing VM operation: HandshakeAllThreads (Deoptimize) done
Event: 41.745 Executing VM operation: CollectForMetadataAllocation (Metadata GC Threshold)
Event: 41.848 Executing VM operation: CollectForMetadataAllocation (Metadata GC Threshold) done
Event: 42.856 Executing VM operation: Cleanup
Event: 42.856 Executing VM operation: Cleanup done
Event: 60.238 Executing VM operation: HandshakeAllThreads (HandshakeForDeflation)
Event: 60.238 Executing VM operation: HandshakeAllThreads (HandshakeForDeflation) done
Event: 60.238 Executing VM operation: RendezvousGCThreads
Event: 60.238 Executing VM operation: RendezvousGCThreads done

Memory protections (0 events):
No events

Nmethod flushes (20 events):
Event: 41.786 Thread 0x0000018668e62850 flushing  nmethod 0x00000186560e0990
Event: 41.786 Thread 0x0000018668e62850 flushing  nmethod 0x00000186560f6690
Event: 41.786 Thread 0x0000018668e62850 flushing  nmethod 0x00000186560f6c90
Event: 41.786 Thread 0x0000018668e62850 flushing  nmethod 0x00000186560f7510
Event: 41.786 Thread 0x0000018668e62850 flushing  nmethod 0x00000186560faa10
Event: 41.786 Thread 0x0000018668e62850 flushing  nmethod 0x00000186560fb110
Event: 41.786 Thread 0x0000018668e62850 flushing  nmethod 0x00000186560ffa90
Event: 41.786 Thread 0x0000018668e62850 flushing  nmethod 0x0000018656117c10
Event: 41.786 Thread 0x0000018668e62850 flushing  nmethod 0x000001865611b910
Event: 41.786 Thread 0x0000018668e62850 flushing  nmethod 0x0000018656126f90
Event: 41.786 Thread 0x0000018668e62850 flushing  nmethod 0x000001865613a410
Event: 41.786 Thread 0x0000018668e62850 flushing osr nmethod 0x0000018656150590
Event: 41.786 Thread 0x0000018668e62850 flushing  nmethod 0x0000018656167590
Event: 41.786 Thread 0x0000018668e62850 flushing  nmethod 0x0000018656187790
Event: 41.786 Thread 0x0000018668e62850 flushing  nmethod 0x0000018656189290
Event: 41.786 Thread 0x0000018668e62850 flushing  nmethod 0x000001865618ab90
Event: 41.786 Thread 0x0000018668e62850 flushing  nmethod 0x000001865618af10
Event: 41.786 Thread 0x0000018668e62850 flushing  nmethod 0x0000018656194a10
Event: 41.786 Thread 0x0000018668e62850 flushing  nmethod 0x0000018656194d90
Event: 41.786 Thread 0x0000018668e62850 flushing  nmethod 0x0000018656195e90

Events (20 events):
Event: 39.513 Thread 0x0000018672466320 Thread exited: 0x0000018672466320
Event: 40.638 Thread 0x0000018674bb4340 Thread exited: 0x0000018674bb4340
Event: 40.747 Thread 0x0000018674bb3c70 Thread exited: 0x0000018674bb3c70
Event: 40.944 Thread 0x000001866f0100e0 Thread added: 0x0000018674bb57b0
Event: 41.373 Thread 0x0000018674bb57b0 Thread exited: 0x0000018674bb57b0
Event: 41.607 Thread 0x000001866f02a6b0 Thread added: 0x0000018674bb4340
Event: 41.681 Thread 0x00000186710d6000 Thread added: 0x00000186724648e0
Event: 41.682 Thread 0x0000018673667cd0 Thread added: 0x0000018672463530
Event: 41.682 Thread 0x0000018672463530 Thread added: 0x00000186724669b0
Event: 41.683 Thread 0x00000186724669b0 Thread added: 0x0000018672464f70
Event: 41.683 Thread 0x0000018673667cd0 Thread added: 0x0000018672465600
Event: 41.690 Thread 0x0000018673667cd0 Thread added: 0x0000018672468a80
Event: 46.898 Thread 0x0000018674bb4340 Thread exited: 0x0000018674bb4340
Event: 94.139 Thread 0x0000018673669080 Thread exited: 0x0000018673669080
Event: 101.525 Thread 0x00000186710d8df0 Thread exited: 0x00000186710d8df0
Event: 101.526 Thread 0x00000186710d6d20 Thread exited: 0x00000186710d6d20
Event: 101.680 Thread 0x0000018673663b30 Thread exited: 0x0000018673663b30
Event: 101.853 Thread 0x00000186710d6000 Thread exited: 0x00000186710d6000
Event: 101.868 Thread 0x00000186724669b0 Thread exited: 0x00000186724669b0
Event: 101.868 Thread 0x00000186710d8760 Thread exited: 0x00000186710d8760


Dynamic libraries:
0x00007ff660d30000 - 0x00007ff660d3e000 	c:\Users\vasu\.vscode\extensions\redhat.java-1.50.0-win32-x64\jre\21.0.9-win32-x86_64\bin\java.exe
0x00007ff889720000 - 0x00007ff889988000 	C:\WINDOWS\SYSTEM32\ntdll.dll
0x00007ff8887e0000 - 0x00007ff8888a9000 	C:\WINDOWS\System32\KERNEL32.DLL
0x00007ff886f90000 - 0x00007ff887388000 	C:\WINDOWS\System32\KERNELBASE.dll
0x00007ff886aa0000 - 0x00007ff886beb000 	C:\WINDOWS\System32\ucrtbase.dll
0x00007ff87c6f0000 - 0x00007ff87c708000 	c:\Users\vasu\.vscode\extensions\redhat.java-1.50.0-win32-x64\jre\21.0.9-win32-x86_64\bin\jli.dll
0x00007ff882ef0000 - 0x00007ff882f0e000 	c:\Users\vasu\.vscode\extensions\redhat.java-1.50.0-win32-x64\jre\21.0.9-win32-x86_64\bin\VCRUNTIME140.dll
0x00007ff889510000 - 0x00007ff8896d7000 	C:\WINDOWS\System32\USER32.dll
0x00007ff886f60000 - 0x00007ff886f87000 	C:\WINDOWS\System32\win32u.dll
0x00007ff860020000 - 0x00007ff8602b4000 	C:\WINDOWS\WinSxS\amd64_microsoft.windows.common-controls_6595b64144ccf1df_6.0.26100.7019_none_3e06ffa0e335b8a8\COMCTL32.dll
0x00007ff889410000 - 0x00007ff88943b000 	C:\WINDOWS\System32\GDI32.dll
0x00007ff887b00000 - 0x00007ff887ba9000 	C:\WINDOWS\System32\msvcrt.dll
0x00007ff887390000 - 0x00007ff8874bc000 	C:\WINDOWS\System32\gdi32full.dll
0x00007ff886cb0000 - 0x00007ff886d53000 	C:\WINDOWS\System32\msvcp_win.dll
0x00007ff8890d0000 - 0x00007ff889101000 	C:\WINDOWS\System32\IMM32.DLL
0x00007ff882f90000 - 0x00007ff882f9c000 	c:\Users\vasu\.vscode\extensions\redhat.java-1.50.0-win32-x64\jre\21.0.9-win32-x86_64\bin\vcruntime140_1.dll
0x00007ff843a30000 - 0x00007ff843abd000 	c:\Users\vasu\.vscode\extensions\redhat.java-1.50.0-win32-x64\jre\21.0.9-win32-x86_64\bin\msvcp140.dll
0x00007ff820380000 - 0x00007ff821120000 	c:\Users\vasu\.vscode\extensions\redhat.java-1.50.0-win32-x64\jre\21.0.9-win32-x86_64\bin\server\jvm.dll
0x00007ff887c90000 - 0x00007ff887d44000 	C:\WINDOWS\System32\ADVAPI32.dll
0x00007ff887950000 - 0x00007ff8879f6000 	C:\WINDOWS\System32\sechost.dll
0x00007ff887d60000 - 0x00007ff887e78000 	C:\WINDOWS\System32\RPCRT4.dll
0x00007ff887c10000 - 0x00007ff887c84000 	C:\WINDOWS\System32\WS2_32.dll
0x00007ff885490000 - 0x00007ff8854ee000 	C:\WINDOWS\SYSTEM32\POWRPROF.dll
0x00007ff873480000 - 0x00007ff8734b5000 	C:\WINDOWS\SYSTEM32\WINMM.dll
0x00007ff8754e0000 - 0x00007ff8754eb000 	C:\WINDOWS\SYSTEM32\VERSION.dll
0x00007ff885470000 - 0x00007ff885484000 	C:\WINDOWS\SYSTEM32\UMPDC.dll
0x00007ff885750000 - 0x00007ff88576b000 	C:\WINDOWS\SYSTEM32\kernel.appcore.dll
0x00007ff87ca60000 - 0x00007ff87ca6a000 	c:\Users\vasu\.vscode\extensions\redhat.java-1.50.0-win32-x64\jre\21.0.9-win32-x86_64\bin\jimage.dll
0x00007ff883f10000 - 0x00007ff884152000 	C:\WINDOWS\SYSTEM32\DBGHELP.DLL
0x00007ff8888b0000 - 0x00007ff888c3b000 	C:\WINDOWS\System32\combase.dll
0x00007ff889120000 - 0x00007ff8891f7000 	C:\WINDOWS\System32\OLEAUT32.dll
0x00007ff845c70000 - 0x00007ff845cac000 	C:\WINDOWS\SYSTEM32\dbgcore.DLL
0x00007ff8869f0000 - 0x00007ff886a95000 	C:\WINDOWS\System32\bcryptPrimitives.dll
0x00007ff87ca90000 - 0x00007ff87ca9f000 	c:\Users\vasu\.vscode\extensions\redhat.java-1.50.0-win32-x64\jre\21.0.9-win32-x86_64\bin\instrument.dll
0x00007ff87c060000 - 0x00007ff87c080000 	c:\Users\vasu\.vscode\extensions\redhat.java-1.50.0-win32-x64\jre\21.0.9-win32-x86_64\bin\java.dll
0x00007ff887ff0000 - 0x00007ff88873f000 	C:\WINDOWS\System32\SHELL32.dll
0x00007ff886df0000 - 0x00007ff886f5b000 	C:\WINDOWS\System32\wintypes.dll
0x00007ff8844b0000 - 0x00007ff884d0d000 	C:\WINDOWS\SYSTEM32\windows.storage.dll
0x00007ff887a00000 - 0x00007ff887af2000 	C:\WINDOWS\System32\SHCORE.dll
0x00007ff8893a0000 - 0x00007ff889407000 	C:\WINDOWS\System32\shlwapi.dll
0x00007ff886790000 - 0x00007ff8867b9000 	C:\WINDOWS\SYSTEM32\profapi.dll
0x00007ff879880000 - 0x00007ff879898000 	c:\Users\vasu\.vscode\extensions\redhat.java-1.50.0-win32-x64\jre\21.0.9-win32-x86_64\bin\zip.dll
0x00007ff87c150000 - 0x00007ff87c160000 	C:\Users\vasu\.vscode\extensions\redhat.java-1.50.0-win32-x64\jre\21.0.9-win32-x86_64\bin\net.dll
0x00007ff87c760000 - 0x00007ff87c888000 	C:\WINDOWS\SYSTEM32\WINHTTP.dll
0x00007ff885cc0000 - 0x00007ff885d2b000 	C:\WINDOWS\system32\mswsock.dll
0x00007ff879860000 - 0x00007ff879876000 	C:\Users\vasu\.vscode\extensions\redhat.java-1.50.0-win32-x64\jre\21.0.9-win32-x86_64\bin\nio.dll
0x00007ff87ca70000 - 0x00007ff87ca80000 	c:\Users\vasu\.vscode\extensions\redhat.java-1.50.0-win32-x64\jre\21.0.9-win32-x86_64\bin\verify.dll
0x00007ff849a70000 - 0x00007ff849ab4000 	C:\Users\vasu\AppData\Roaming\Code\User\globalStorage\redhat.java\1.50.0\config_win\org.eclipse.equinox.launcher\org.eclipse.equinox.launcher.win32.win32.x86_64_1.2.1400.v20250801-0854\eclipse_11916.dll
0x00007ff8875d0000 - 0x00007ff887767000 	C:\WINDOWS\System32\ole32.dll
0x00007ff885f80000 - 0x00007ff885f9b000 	C:\WINDOWS\SYSTEM32\CRYPTSP.dll
0x00007ff8856b0000 - 0x00007ff8856ea000 	C:\WINDOWS\system32\rsaenh.dll
0x00007ff885d70000 - 0x00007ff885d9b000 	C:\WINDOWS\SYSTEM32\USERENV.dll
0x00007ff886760000 - 0x00007ff88678a000 	C:\WINDOWS\SYSTEM32\bcrypt.dll
0x00007ff885fa0000 - 0x00007ff885fac000 	C:\WINDOWS\SYSTEM32\CRYPTBASE.dll
0x00007ff885200000 - 0x00007ff885234000 	C:\WINDOWS\SYSTEM32\IPHLPAPI.DLL
0x00007ff8875c0000 - 0x00007ff8875ca000 	C:\WINDOWS\System32\NSI.dll
0x00007ff847c70000 - 0x00007ff847cb9000 	C:\Users\vasu\AppData\Local\Temp\jna-3612237\jna3786655594529404022.dll
0x00007ff889110000 - 0x00007ff889118000 	C:\WINDOWS\System32\PSAPI.DLL
0x00007ff87d450000 - 0x00007ff87d46e000 	C:\WINDOWS\SYSTEM32\dhcpcsvc6.DLL
0x00007ff87c730000 - 0x00007ff87c753000 	C:\WINDOWS\SYSTEM32\dhcpcsvc.DLL
0x00007ff87c400000 - 0x00007ff87c427000 	C:\Users\vasu\.gradle\native\1def1411415f61bf3af743bc5b6707747c0891f09f0c88961ee8f79bc544acac\windows-amd64\native-platform.dll
0x00007ff882fa0000 - 0x00007ff882faa000 	C:\Users\vasu\.vscode\extensions\redhat.java-1.50.0-win32-x64\jre\21.0.9-win32-x86_64\bin\management.dll
0x00007ff87e970000 - 0x00007ff87e97c000 	C:\Users\vasu\.vscode\extensions\redhat.java-1.50.0-win32-x64\jre\21.0.9-win32-x86_64\bin\management_ext.dll

JVMTI agents:
c:\Users\vasu\.vscode\extensions\redhat.java-1.50.0-win32-x64\lombok\lombok-1.18.39-4050.jar path:c:\Users\vasu\.vscode\extensions\redhat.java-1.50.0-win32-x64\jre\21.0.9-win32-x86_64\bin\instrument.dll, loaded, initialized, instrumentlib options:none

dbghelp: loaded successfully - version: 4.0.5 - missing functions: none
symbol engine: initialized successfully - sym options: 0x614 - pdb path: .;c:\Users\vasu\.vscode\extensions\redhat.java-1.50.0-win32-x64\jre\21.0.9-win32-x86_64\bin;C:\WINDOWS\SYSTEM32;C:\WINDOWS\WinSxS\amd64_microsoft.windows.common-controls_6595b64144ccf1df_6.0.26100.7019_none_3e06ffa0e335b8a8;c:\Users\vasu\.vscode\extensions\redhat.java-1.50.0-win32-x64\jre\21.0.9-win32-x86_64\bin\server;C:\Users\vasu\AppData\Roaming\Code\User\globalStorage\redhat.java\1.50.0\config_win\org.eclipse.equinox.launcher\org.eclipse.equinox.launcher.win32.win32.x86_64_1.2.1400.v20250801-0854;C:\Users\vasu\AppData\Local\Temp\jna-3612237;C:\Users\vasu\.gradle\native\1def1411415f61bf3af743bc5b6707747c0891f09f0c88961ee8f79bc544acac\windows-amd64

VM Arguments:
jvm_args: --add-modules=ALL-SYSTEM --add-opens=java.base/java.util=ALL-UNNAMED --add-opens=java.base/java.lang=ALL-UNNAMED --add-opens=java.base/sun.nio.fs=ALL-UNNAMED -Declipse.application=org.eclipse.jdt.ls.core.id1 -Dosgi.bundles.defaultStartLevel=4 -Declipse.product=org.eclipse.jdt.ls.core.product -Djava.import.generatesMetadataFilesAtProjectRoot=false -DDetectVMInstallationsJob.disabled=true -Dfile.encoding=utf8 -XX:+UseParallelGC -XX:GCTimeRatio=4 -XX:AdaptiveSizePolicyWeight=90 -Dsun.zip.disableMemoryMapping=true -Xmx2G -Xms100m -Xlog:disable -javaagent:c:\Users\vasu\.vscode\extensions\redhat.java-1.50.0-win32-x64\lombok\lombok-1.18.39-4050.jar -XX:+HeapDumpOnOutOfMemoryError -XX:HeapDumpPath=c:\Users\vasu\AppData\Roaming\Code\User\workspaceStorage\986949c2eb0a7993e353b81772dc4715\redhat.java -Daether.dependencyCollector.impl=bf 
java_command: c:\Users\vasu\.vscode\extensions\redhat.java-1.50.0-win32-x64\server\plugins\org.eclipse.equinox.launcher_1.7.100.v20251111-0406.jar -configuration c:\Users\vasu\AppData\Roaming\Code\User\globalStorage\redhat.java\1.50.0\config_win -data c:\Users\vasu\AppData\Roaming\Code\User\workspaceStorage\986949c2eb0a7993e353b81772dc4715\redhat.java\jdt_ws --pipe=\\.\pipe\lsp-c831235f4332d83822477b207f5b8866-sock
java_class_path (initial): c:\Users\vasu\.vscode\extensions\redhat.java-1.50.0-win32-x64\server\plugins\org.eclipse.equinox.launcher_1.7.100.v20251111-0406.jar
Launcher Type: SUN_STANDARD

[Global flags]
    uintx AdaptiveSizePolicyWeight                 = 90                                        {product} {command line}
     intx CICompilerCount                          = 4                                         {product} {ergonomic}
    uintx GCTimeRatio                              = 4                                         {product} {command line}
     bool HeapDumpOnOutOfMemoryError               = true                                   {manageable} {command line}
    ccstr HeapDumpPath                             = c:\Users\vasu\AppData\Roaming\Code\User\workspaceStorage\986949c2eb0a7993e353b81772dc4715\redhat.java         {manageable} {command line}
   size_t InitialHeapSize                          = 104857600                                 {product} {command line}
   size_t MaxHeapSize                              = 2147483648                                {product} {command line}
   size_t MaxNewSize                               = 715653120                                 {product} {ergonomic}
   size_t MinHeapDeltaBytes                        = 524288                                    {product} {ergonomic}
   size_t MinHeapSize                              = 104857600                                 {product} {command line}
   size_t NewSize                                  = 34603008                                  {product} {ergonomic}
    uintx NonNMethodCodeHeapSize                   = 5839372                                {pd product} {ergonomic}
    uintx NonProfiledCodeHeapSize                  = 122909434                              {pd product} {ergonomic}
   size_t OldSize                                  = 70254592                                  {product} {ergonomic}
    uintx ProfiledCodeHeapSize                     = 122909434                              {pd product} {ergonomic}
    uintx ReservedCodeCacheSize                    = 251658240                              {pd product} {ergonomic}
     bool SegmentedCodeCache                       = true                                      {product} {ergonomic}
   size_t SoftMaxHeapSize                          = 2147483648                             {manageable} {ergonomic}
     bool UseCompressedOops                        = true                           {product lp64_product} {ergonomic}
     bool UseLargePagesIndividualAllocation        = false                                  {pd product} {ergonomic}
     bool UseParallelGC                            = true                                      {product} {command line}

Logging:
Log output configuration:
 #0: stdout all=off uptime,level,tags foldmultilines=false
 #1: stderr all=off uptime,level,tags foldmultilines=false

Release file:
JAVA_VERSION="21.0.9" 
MODULES="java.base java.compiler java.datatransfer java.xml java.prefs java.desktop java.instrument java.logging java.management java.security.sasl java.naming java.rmi java.management.rmi java.net.http java.scripting java.security.jgss java.transaction.xa java.sql java.sql.rowset java.xml.crypto java.se java.smartcardio jdk.accessibility jdk.internal.jvmstat jdk.attach jdk.charsets jdk.internal.opt jdk.zipfs jdk.compiler jdk.crypto.ec jdk.crypto.cryptoki jdk.crypto.mscapi jdk.dynalink jdk.internal.ed jdk.editpad jdk.hotspot.agent jdk.httpserver jdk.internal.le jdk.internal.vm.ci jdk.internal.vm.compiler jdk.internal.vm.compiler.management jdk.jartool jdk.javadoc jdk.jcmd jdk.management jdk.management.agent jdk.jconsole jdk.jdeps jdk.jdwp.agent jdk.jdi jdk.jfr jdk.jshell jdk.jsobject jdk.jstatd jdk.localedata jdk.management.jfr jdk.naming.dns jdk.naming.rmi jdk.net jdk.nio.mapmode jdk.random jdk.sctp jdk.security.auth jdk.security.jgss jdk.unsupported jdk.unsupported.desktop jdk.xml.dom" 

Environment Variables:
JAVA_HOME=C:\Program Files\Eclipse Adoptium\jdk-17.0.14.7-hotspot\
PATH=C:\Program Files\Common Files\Oracle\Java\javapath;C:\Program Files (x86)\VMware\VMware Workstation\bin\;C:\Program Files\Eclipse Adoptium\jdk-17.0.14.7-hotspot\bin;C:\Windows\system32;C:\Windows;C:\Windows\System32\Wbem;C:\Windows\System32\WindowsPowerShell\v1.0\;C:\Windows\System32\OpenSSH\;C:\Program Files (x86)\NVIDIA Corporation\PhysX\Common;C:\Program Files\NVIDIA Corporation\NVIDIA NvDLISR;C:\WINDOWS\system32;C:\WINDOWS;C:\WINDOWS\System32\Wbem;C:\WINDOWS\System32\WindowsPowerShell\v1.0\;C:\WINDOWS\System32\OpenSSH\;C:\flutter\bin;C:\Program Files (x86)\Windows Kits\10\Windows Performance Toolkit\;C:\Program Files\Git\cmd;C:\Program Files\nodejs\;C:\Users\vasu\AppData\Local\Programs\Python\Python36\Scripts\;C:\Users\vasu\AppData\Local\Programs\Python\Python36\;C:\Users\vasu\AppData\Local\Programs\Python\Launcher\;C:\Users\vasu\AppData\Local\Microsoft\WindowsApps;C:\Users\vasu\AppData\Local\Programs\Microsoft VS Code\bin;C:\Users\vasu\AppData\Local\Pub\Cache\bin;C:\Users\vasu\AppData\Local\Programs\flutter\bin;C:\Program Files\Git\bin;C:\Users\vasu\AppData\Local\Pub\Cache\bin.;C:\Users\vasu\AppData\Roaming\npm;C:\xampp\apache\bin;C:\Program Files\Eclipse Adoptium\jdk-17.0.14.7-hotspot\bin\java.exe;
USERNAME=vasu
OS=Windows_NT
PROCESSOR_IDENTIFIER=Intel64 Family 6 Model 186 Stepping 2, GenuineIntel
TMP=C:\Users\vasu\AppData\Local\Temp
TEMP=C:\Users\vasu\AppData\Local\Temp




Periodic native trim disabled

---------------  S Y S T E M  ---------------

OS:
 Windows 11 , 64 bit Build 26100 (10.0.26100.7019)
OS uptime: 16 days 5:06 hours
Hyper-V role detected

CPU: total 12 (initial active 12) (6 cores per cpu, 2 threads per core) family 6 model 186 stepping 2 microcode 0x5103, cx8, cmov, fxsr, ht, mmx, 3dnowpref, sse, sse2, sse3, ssse3, sse4.1, sse4.2, popcnt, lzcnt, tsc, tscinvbit, avx, avx2, aes, erms, clmul, bmi1, bmi2, adx, sha, fma, vzeroupper, clflush, clflushopt, clwb, hv, serialize, rdtscp, rdpid, fsrm, f16c, cet_ibt, cet_ss
Processor Information for processor 0
  Max Mhz: 2100, Current Mhz: 2100, Mhz Limit: 2100
Processor Information for processor 1
  Max Mhz: 2100, Current Mhz: 2100, Mhz Limit: 2100
Processor Information for processor 2
  Max Mhz: 2100, Current Mhz: 2100, Mhz Limit: 2100
Processor Information for processor 3
  Max Mhz: 2100, Current Mhz: 2100, Mhz Limit: 2100
Processor Information for processor 4
  Max Mhz: 2100, Current Mhz: 2100, Mhz Limit: 2100
Processor Information for processor 5
  Max Mhz: 2100, Current Mhz: 2100, Mhz Limit: 2100
Processor Information for processor 6
  Max Mhz: 2100, Current Mhz: 2100, Mhz Limit: 2100
Processor Information for processor 7
  Max Mhz: 2100, Current Mhz: 1453, Mhz Limit: 2100
Processor Information for processor 8
  Max Mhz: 2100, Current Mhz: 1540, Mhz Limit: 2100
Processor Information for processor 9
  Max Mhz: 2100, Current Mhz: 1540, Mhz Limit: 2100
Processor Information for processor 10
  Max Mhz: 2100, Current Mhz: 1540, Mhz Limit: 2100
Processor Information for processor 11
  Max Mhz: 2100, Current Mhz: 2100, Mhz Limit: 2100

Memory: 4k page, system-wide physical 16087M (1301M free)
TotalPageFile size 65239M (AvailPageFile size 0M)
current process WorkingSet (physical memory assigned to process): 740M, peak: 757M
current process commit charge ("private bytes"): 687M, peak: 711M

vm_info: OpenJDK 64-Bit Server VM (21.0.9+10-LTS) for windows-amd64 JRE (21.0.9+10-LTS), built on 2025-10-21T00:00:00Z by "admin" with unknown MS VC++:1942

END.
